<?xml version="1.0" encoding="UTF-8"?>
<!-- Generated by org.testng.reporters.JUnitReportReporter -->
<testsuite hostname="DESKTOP-BGFFPME" failures="0" tests="2" name="Demo1.parallelexe" time="37.846" errors="0" timestamp="2023-05-23T09:34:26 IST" skipped="0">
  <testcase classname="Demo1.parallelexe" name="test1" time="14.206"/>
  <system-out/>
  <testcase classname="Demo1.parallelexe" name="test1" time="23.640"/>
  <system-out/>
</testsuite> <!-- Demo1.parallelexe -->
