<?xml version="1.0" encoding="UTF-8"?>
<!-- Generated by org.testng.reporters.JUnitReportReporter -->
<testsuite hostname="DESKTOP-BGFFPME" failures="0" tests="1" name="Demo1.Data2" time="0.029" errors="0" timestamp="2023-05-22T13:24:16 IST" skipped="0">
  <testcase classname="Demo1.Data2" name="Test1" time="0.029"/>
  <system-out/>
</testsuite> <!-- Demo1.Data2 -->
