<?xml version="1.0" encoding="UTF-8"?>
<!-- Generated by org.testng.reporters.JUnitReportReporter -->
<testsuite hostname="DESKTOP-BGFFPME" failures="0" tests="2" name="Demo1.Test1" time="0.043" errors="0" timestamp="2023-05-12T15:05:48 IST" skipped="0">
  <testcase classname="Demo1.Test1" name="data2" time="0.007"/>
  <system-out>
    <![CDATA[200]]>
  </system-out>
  <testcase classname="Demo1.Test1" name="data1" time="0.036"/>
  <system-out>
    <![CDATA[100]]>
  </system-out>
</testsuite> <!-- Demo1.Test1 -->
