<?xml version="1.0" encoding="UTF-8"?>
<!-- Generated by org.testng.reporters.JUnitReportReporter -->
<testsuite hostname="DESKTOP-BGFFPME" failures="0" tests="1" name="Demo1.Facebook" time="31.096" errors="0" timestamp="2023-05-15T20:34:27 IST" skipped="0">
  <testcase classname="Demo1.Facebook" name="validLogin" time="31.096"/>
  <system-out/>
</testsuite> <!-- Demo1.Facebook -->
