<?xml version="1.0" encoding="UTF-8"?>
<!-- Generated by org.testng.reporters.JUnitReportReporter -->
<testsuite hostname="DESKTOP-BGFFPME" failures="0" tests="2" name="Demo1.Test2" time="0.114" errors="0" timestamp="2023-05-12T15:09:05 IST" skipped="0">
  <testcase classname="Demo1.Test2" name="data2" time="0.004"/>
  <system-out>
    <![CDATA[hi]]>
  </system-out>
  <testcase classname="Demo1.Test2" name="data1" time="0.110"/>
  <system-out>
    <![CDATA[hello]]>
  </system-out>
</testsuite> <!-- Demo1.Test2 -->
