<?xml version="1.0" encoding="UTF-8"?>
<!-- Generated by org.testng.reporters.JUnitReportReporter -->
<testsuite hostname="DESKTOP-BGFFPME" failures="0" tests="2" name="Demo1.Testnggroup" time="0.025" errors="0" timestamp="2023-05-22T13:30:56 IST" skipped="0">
  <testcase classname="Demo1.Testnggroup" name="test3" time="0.005"/>
  <system-out/>
  <testcase classname="Demo1.Testnggroup" name="test2" time="0.020"/>
  <system-out/>
</testsuite> <!-- Demo1.Testnggroup -->
