<?xml version="1.0" encoding="UTF-8"?>
<!-- Generated by org.testng.reporters.JUnitReportReporter -->
<testsuite hostname="DESKTOP-BGFFPME" failures="0" tests="1" name="Demo1.POM_TestScript" time="6.766" errors="0" timestamp="2023-05-20T17:47:20 IST" skipped="0">
  <testcase classname="Demo1.POM_TestScript" name="Loginfb" time="6.766"/>
  <system-out/>
</testsuite> <!-- Demo1.POM_TestScript -->
